<?xml version="1.0" encoding="UTF-8"?>
<testng-results ignored="0" total="1" passed="1" failed="0" skipped="0">
  <reporter-output>
  </reporter-output>
  <suite started-at="2024-02-09T12:43:45 IST" name="Default suite" finished-at="2024-02-09T12:57:16 IST" duration-ms="811770">
    <groups>
    </groups>
    <test started-at="2024-02-09T12:43:45 IST" name="Default test" finished-at="2024-02-09T12:57:16 IST" duration-ms="811770">
      <class name="TestCases.RSignMain">
        <test-method signature="rsignimanagegerman(java.util.Hashtable)[pri:0, instance:TestCases.RSignMain@2a7ed1f]" started-at="2024-02-09T12:43:45 IST" name="rsignimanagegerman" data-provider="RsignLanguagesTest" finished-at="2024-02-09T12:57:16 IST" duration-ms="810560" status="PASS">
          <params>
            <param index="0">
              <value>
                <![CDATA[{Rulename=Rule Danish, NonStaticTemplatename=Non static template Danish, EnvelopeBody=Danish envelope body, EnvelopeSubject=Danish envelope subject, StaticTemplatename= static template Danish, MultiSignerStaticTemplatename=Multisigner static template Danish}]]>
              </value>
            </param>
          </params>
          <reporter-output>
          </reporter-output>
        </test-method> <!-- rsignimanagegerman -->
        <test-method is-config="true" signature="flushReports()[pri:0, instance:TestCases.RSignMain@2a7ed1f]" started-at="2024-02-09T12:57:16 IST" name="flushReports" finished-at="2024-02-09T12:57:16 IST" duration-ms="498" status="PASS">
          <reporter-output>
          </reporter-output>
        </test-method> <!-- flushReports -->
      </class> <!-- TestCases.RSignMain -->
    </test> <!-- Default test -->
  </suite> <!-- Default suite -->
</testng-results>
